[2026-06-04 00:33:40] === Wiki Auto-Update Started (last run: 1780417806) ===
[2026-06-04 00:33:40] No new files found
[2026-06-04 00:33:40] === Wiki Auto-Update Finished ===

[2026-06-04 12:30:10] === Wiki Auto-Update Started (last run: 1780417806) ===
[2026-06-04 12:30:11] No new files found
[2026-06-04 12:30:11] === Wiki Auto-Update Finished ===

[2026-06-04 12:31:47] === Wiki Auto-Update Started (last run: 1780417806) ===
[2026-06-04 12:31:47] No new files found
[2026-06-04 12:31:47] === Wiki Auto-Update Finished ===

[Last run: 1780417806]
[2026-06-04 17:39:24] === Wiki Auto-Update Started (last run: 1780417806) ===
[2026-06-04 17:39:24] No new files found
[2026-06-04 17:39:24] === Wiki Auto-Update Finished ===

[2026-06-05 00:33:43] === Wiki Auto-Update Started (last run: 1780417806) ===
[2026-06-05 00:33:43] No new files found
[2026-06-05 00:33:43] === Wiki Auto-Update Finished ===

[2026-06-05 12:34:21] === Wiki Auto-Update Started (last run: 1780417806) ===
[2026-06-05 12:34:21] No new files found
[2026-06-05 12:34:21] === Wiki Auto-Update Finished ===

[2026-06-06 00:32:42] === Wiki Auto-Update Started (last run: 1780417806) ===
[2026-06-06 00:32:42] No new files found
[2026-06-06 00:32:42] === Wiki Auto-Update Finished ===

[2026-06-06 12:33:06] === Wiki Auto-Update Started (last run: 1780417806) ===
[2026-06-06 12:33:06] No new files found
[2026-06-06 12:33:06] === Wiki Auto-Update Finished ===

[2026-06-07 00:32:51] === Wiki Auto-Update Started (last run: 1780417806) ===
[2026-06-07 00:32:51] No new files found
[2026-06-07 00:32:51] === Wiki Auto-Update Finished ===

[2026-06-07 12:32:40] === Wiki Auto-Update Started (last run: 1780417806) ===
[2026-06-07 12:32:40] No new files found
[2026-06-07 12:32:40] === Wiki Auto-Update Finished ===

[2026-06-07 21:44:52] === Wiki Auto-Update Started ===
[2026-06-07 21:44:52] 无新增文件（快照对比：282 vs 0）
[2026-06-07 21:44:52] === Wiki Auto-Update Finished ===

[2026-06-07 21:45:39] === Wiki Auto-Update Started ===
[2026-06-07 21:45:39] 快照对比：282 → 376（新增 99 个）
[2026-06-07 21:45:39] Found new files:
[2026-06-07 21:45:39]   NEW: 2026-05-16_张浩岚_个人信息.docx
[2026-06-07 21:45:39]   NEW: 2026-05-16_张浩岚_个人信息_备注.txt
[2026-06-07 21:45:39]   NEW: FC_001_健身中心会员价格列表及销售提成方案.docx
[2026-06-07 21:45:39]   NEW: FC_002_健身中心会员及住店客人登记制度.docx
[2026-06-07 21:45:39]   NEW: FC_003_每日开档流程.docx
[2026-06-07 21:45:39]   NEW: FC_004_游泳池开档收档流程.docx
[2026-06-07 21:45:39]   NEW: FC_005_健身中心布草控制与管理.docx
[2026-06-07 21:45:39]   NEW: Floor_001_布草盘点.docx
[2026-06-07 21:45:39]   NEW: Floor_002_楼层员工工作注意事项.docx
[2026-06-07 21:45:39]   NEW: Floor_003_清洁的标准.docx
[2026-06-07 21:45:39]   NEW: Floor_004_失物招领.docx
[2026-06-07 21:45:39]   NEW: Floor_005_进入客房.docx
[2026-06-07 21:45:39]   NEW: Floor_006_客人要求项目.docx
[2026-06-07 21:45:39]   NEW: Floor_007_客人物品.docx
[2026-06-07 21:45:39]   NEW: Floor_008_室内禁止吸烟标准.docx
[2026-06-07 21:45:39]   NEW: Floor_009_房间去除异味的程序.docx
[2026-06-07 21:45:39]   NEW: Floor_010_允许进入客人房间.docx
[2026-06-07 21:45:39]   NEW: Floor_011_赠物小费 .docx
[2026-06-07 21:45:39]   NEW: Floor_012_擦鞋服务.docx
[2026-06-07 21:45:39]   NEW: Floor_013_客房服务员关门打扫房间的标准.docx
[2026-06-07 21:45:39]   NEW: Floor_014_如何处理房间有类似摄像头之类设备的方法.docx
[2026-06-07 21:45:39]   NEW: Floor_015_钥匙管理程序.docx
[2026-06-07 21:45:39]   NEW: Floor_016_未获批准离开工作区域.docx
[2026-06-07 21:45:39]   NEW: Floor_017_虫害臭虫的处理– 艺康.docx
[2026-06-07 21:45:39]   NEW: Floor_018_处理客人洗衣.docx
[2026-06-07 21:45:39]   NEW: Floor_019_清洁楼层公共区域.docx
[2026-06-07 21:45:39]   NEW: Floor_020_使用吸尘器.docx
[2026-06-07 21:45:39]   NEW: Floor_021_清理送餐服务托盘.docx
[2026-06-07 21:45:39]   NEW: Floor_022_使用婴儿床.docx
[2026-06-07 21:45:39]   NEW: Floor_023_客房贵宾客人鲜花预定安排.docx
[2026-06-07 21:45:39]   NEW: Floor_024_处理客房垃圾.docx
[2026-06-07 21:45:39]   NEW: Floor_025_上午下午差异房报告.docx
[2026-06-07 21:45:39]   NEW: Floor_026_房间清洁.docx
[2026-06-07 21:45:39]   NEW: Floor_027_铺床.docx
[2026-06-07 21:45:39]   NEW: Floor_028_浴室清洁.docx
[2026-06-07 21:45:39]   NEW: Floor_029_优先打扫.docx
[2026-06-07 21:45:39]   NEW: Floor_030_请勿打扰.docx
[2026-06-07 21:45:39]   NEW: Floor_031_做夜床服务.docx
[2026-06-07 21:45:39]   NEW: Floor_032_管家部常用词汇.docx
[2026-06-07 21:45:39]   NEW: Floor_033_损坏客人物品.docx
[2026-06-07 21:45:39]   NEW: Floor_035_遗失和损坏.docx
[2026-06-07 21:45:39]   NEW: Floor_036_加床标准.docx
[2026-06-07 21:45:39]   NEW: Floor_037_迷你吧管理.docx
[2026-06-07 21:45:39]   NEW: Floor_038_参观房.docx
[2026-06-07 21:45:40]   NEW: Floor_039_贵宾房的准备.docx
[2026-06-07 21:45:40]   NEW: Floor_040_客房房量计算标准.docx
[2026-06-07 21:45:40]   NEW: Floor_041_客房洗浴用品瓶子清洁程序.docx
[2026-06-07 21:45:40]   NEW: Floor_042_客房瓶装沐浴用品的补充程序.docx
[2026-06-07 21:45:40]   NEW: Floor_043_OOO房间程序.docx
[2026-06-07 21:45:40]   NEW: Floor_044_客房服务员自放房资格政策.docx
[2026-06-07 21:45:40]   NEW: LDY_001_制服管理.docx
[2026-06-07 21:45:40]   NEW: LDY_002_客人洗衣收费.docx
[2026-06-07 21:45:40]   NEW: LDY_003_早班机器检查.docx
[2026-06-07 21:45:40]   NEW: LDY_004_客人洗衣收集.docx
[2026-06-07 21:45:40]   NEW: LDY_005_部门记录.docx
[2026-06-07 21:45:40]   NEW: LDY_006_烘干折叠布草.docx
[2026-06-07 21:45:40]   NEW: LDY_007_折叠客人衬衫.docx
[2026-06-07 21:45:40]   NEW: LDY_008_处理客人投诉.docx
[2026-06-07 21:45:40]   NEW: LDY_009_处理客人贵重物品.docx
[2026-06-07 21:45:40]   NEW: LDY_010_熨烫布草.docx
[2026-06-07 21:45:40]   NEW: LDY_011_洗衣设备保养.docx
[2026-06-07 21:45:40]   NEW: LDY_012_洗衣设备安全使用.docx
[2026-06-07 21:45:40]   NEW: LDY_013_火警安全程序.docx
[2026-06-07 21:45:40]   NEW: LDY_014_布草盘点.docx
[2026-06-07 21:45:40]   NEW: LDY_015_布草管理.docx
[2026-06-07 21:45:40]   NEW: LDY_016_布草清洗程序.docx
[2026-06-07 21:45:40]   NEW: LDY_017_客人衣物标注.docx
[2026-06-07 21:45:40]   NEW: LDY_018_洗衣入职培训.docx
[2026-06-07 21:45:40]   NEW: LDY_019_准备和递送客衣.docx
[2026-06-07 21:45:40]   NEW: LDY_020_洗涤程序.docx
[2026-06-07 21:45:40]   NEW: LDY_021_客衣熨烫机操作.docx
[2026-06-07 21:45:40]   NEW: LDY_022_分拣脏布草并洗涤.docx
[2026-06-07 21:45:40]   NEW: LDY_023_衣物污垢清洁.docx
[2026-06-07 21:45:40]   NEW: LDY_024_制服和布草间培训.docx
[2026-06-07 21:45:40]   NEW: LDY_025_损坏或遗失客人衣物.docx
[2026-06-07 21:45:40]   NEW: LDY_026_客衣营收超预算的奖励.docx
[2026-06-07 21:45:40]   NEW: PA_001_清洁公共电话.docx
[2026-06-07 21:45:40]   NEW: PA_002_清扫记录.docx
[2026-06-07 21:45:40]   NEW: PA_003_清空废纸篓.docx
[2026-06-07 21:45:40]   NEW: PA_004_地毯去污.docx
[2026-06-07 21:45:40]   NEW: PA_005_公共区域检查.docx
[2026-06-07 21:45:40]   NEW: PA_006_吊灯清洁.docx
[2026-06-07 21:45:40]   NEW: PA_007_酒店外围清洁.docx
[2026-06-07 21:45:40]   NEW: PA_008_使用吸尘器.docx
[2026-06-07 21:45:40]   NEW: PA_009_大理石保养.docx
[2026-06-07 21:45:40]   NEW: PA_010_办公室清洁.docx
[2026-06-07 21:45:40]   NEW: PA_011_宴会厅清洁.docx
[2026-06-07 21:45:40]   NEW: PA_012_铜器上光.docx
[2026-06-07 21:45:40]   NEW: PA_013_上班前准备.docx
[2026-06-07 21:45:40]   NEW: PA_014_餐厅清洁.docx
[2026-06-07 21:45:40]   NEW: PA_015_沙发清洁.docx
[2026-06-07 21:45:40]   NEW: PA_016_窗玻璃清洁程序.docx
[2026-06-07 21:45:40]   NEW: PA_017_公共厕所清洁.docx
[2026-06-07 21:45:40]   NEW: PA_018_壁灯、顶灯、台灯及落地灯的清洁.docx
[2026-06-07 21:45:40]   NEW: PA_019_怎样清洁空调口.docx
[2026-06-07 21:45:40]   NEW: PA_020_墙纸及墙布的清洁.docx
[2026-06-07 21:45:40]   NEW: PA_021_木制面及家具清洁上蜡.docx
[2026-06-07 21:45:40]   NEW: PA_022_失物招领-公共区域.docx
[2026-06-07 21:45:40]   NEW: 外包员工入职注意事项.docx
[2026-06-07 21:45:40] Preprocessing done: sensitive words replaced
[2026-06-07 21:45:40] 快照已更新（376 个文件）
[2026-06-07 21:45:40] 报告已保存：/home/azhan186/open claw/知识库/data/wiki-new-files-2026-06-07-214540.txt
[2026-06-07 21:45:40] 请按知识库工作流处理这些文件
[2026-06-07 21:45:40] === Wiki Auto-Update Finished ===

[2026-06-07 21:45:57] === Wiki Auto-Update Started ===
[2026-06-07 21:45:57] 无新增文件（快照对比：376 vs 376）
[2026-06-07 21:45:57] === Wiki Auto-Update Finished ===

[2026-06-08 00:30:06] === Wiki Auto-Update Started ===
[2026-06-08 00:30:06] 快照对比：282 → 376（新增 99 个）
[2026-06-08 00:30:06] Found new files:
[2026-06-08 00:30:06]   NEW: 2026-05-16_张浩岚_个人信息.docx
[2026-06-08 00:30:06]   NEW: 2026-05-16_张浩岚_个人信息_备注.txt
[2026-06-08 00:30:06]   NEW: FC_001_健身中心会员价格列表及销售提成方案.docx
[2026-06-08 00:30:06]   NEW: FC_002_健身中心会员及住店客人登记制度.docx
[2026-06-08 00:30:06]   NEW: FC_003_每日开档流程.docx
[2026-06-08 00:30:06]   NEW: FC_004_游泳池开档收档流程.docx
[2026-06-08 00:30:06]   NEW: FC_005_健身中心布草控制与管理.docx
[2026-06-08 00:30:06]   NEW: Floor_001_布草盘点.docx
[2026-06-08 00:30:06]   NEW: Floor_002_楼层员工工作注意事项.docx
[2026-06-08 00:30:06]   NEW: Floor_003_清洁的标准.docx
[2026-06-08 00:30:06]   NEW: Floor_004_失物招领.docx
[2026-06-08 00:30:06]   NEW: Floor_005_进入客房.docx
[2026-06-08 00:30:06]   NEW: Floor_006_客人要求项目.docx
[2026-06-08 00:30:06]   NEW: Floor_007_客人物品.docx
[2026-06-08 00:30:06]   NEW: Floor_008_室内禁止吸烟标准.docx
[2026-06-08 00:30:06]   NEW: Floor_009_房间去除异味的程序.docx
[2026-06-08 00:30:06]   NEW: Floor_010_允许进入客人房间.docx
[2026-06-08 00:30:06]   NEW: Floor_011_赠物小费 .docx
[2026-06-08 00:30:06]   NEW: Floor_012_擦鞋服务.docx
[2026-06-08 00:30:06]   NEW: Floor_013_客房服务员关门打扫房间的标准.docx
[2026-06-08 00:30:06]   NEW: Floor_014_如何处理房间有类似摄像头之类设备的方法.docx
[2026-06-08 00:30:06]   NEW: Floor_015_钥匙管理程序.docx
[2026-06-08 00:30:06]   NEW: Floor_016_未获批准离开工作区域.docx
[2026-06-08 00:30:06]   NEW: Floor_017_虫害臭虫的处理– 艺康.docx
[2026-06-08 00:30:06]   NEW: Floor_018_处理客人洗衣.docx
[2026-06-08 00:30:06]   NEW: Floor_019_清洁楼层公共区域.docx
[2026-06-08 00:30:06]   NEW: Floor_020_使用吸尘器.docx
[2026-06-08 00:30:06]   NEW: Floor_021_清理送餐服务托盘.docx
[2026-06-08 00:30:06]   NEW: Floor_022_使用婴儿床.docx
[2026-06-08 00:30:06]   NEW: Floor_023_客房贵宾客人鲜花预定安排.docx
[2026-06-08 00:30:06]   NEW: Floor_024_处理客房垃圾.docx
[2026-06-08 00:30:06]   NEW: Floor_025_上午下午差异房报告.docx
[2026-06-08 00:30:06]   NEW: Floor_026_房间清洁.docx
[2026-06-08 00:30:06]   NEW: Floor_027_铺床.docx
[2026-06-08 00:30:06]   NEW: Floor_028_浴室清洁.docx
[2026-06-08 00:30:06]   NEW: Floor_029_优先打扫.docx
[2026-06-08 00:30:06]   NEW: Floor_030_请勿打扰.docx
[2026-06-08 00:30:06]   NEW: Floor_031_做夜床服务.docx
[2026-06-08 00:30:06]   NEW: Floor_032_管家部常用词汇.docx
[2026-06-08 00:30:06]   NEW: Floor_033_损坏客人物品.docx
[2026-06-08 00:30:06]   NEW: Floor_035_遗失和损坏.docx
[2026-06-08 00:30:06]   NEW: Floor_036_加床标准.docx
[2026-06-08 00:30:06]   NEW: Floor_037_迷你吧管理.docx
[2026-06-08 00:30:06]   NEW: Floor_038_参观房.docx
[2026-06-08 00:30:06]   NEW: Floor_039_贵宾房的准备.docx
[2026-06-08 00:30:06]   NEW: Floor_040_客房房量计算标准.docx
[2026-06-08 00:30:06]   NEW: Floor_041_客房洗浴用品瓶子清洁程序.docx
[2026-06-08 00:30:06]   NEW: Floor_042_客房瓶装沐浴用品的补充程序.docx
[2026-06-08 00:30:06]   NEW: Floor_043_OOO房间程序.docx
[2026-06-08 00:30:06]   NEW: Floor_044_客房服务员自放房资格政策.docx
[2026-06-08 00:30:06]   NEW: LDY_001_制服管理.docx
[2026-06-08 00:30:06]   NEW: LDY_002_客人洗衣收费.docx
[2026-06-08 00:30:06]   NEW: LDY_003_早班机器检查.docx
[2026-06-08 00:30:06]   NEW: LDY_004_客人洗衣收集.docx
[2026-06-08 00:30:06]   NEW: LDY_005_部门记录.docx
[2026-06-08 00:30:06]   NEW: LDY_006_烘干折叠布草.docx
[2026-06-08 00:30:06]   NEW: LDY_007_折叠客人衬衫.docx
[2026-06-08 00:30:06]   NEW: LDY_008_处理客人投诉.docx
[2026-06-08 00:30:06]   NEW: LDY_009_处理客人贵重物品.docx
[2026-06-08 00:30:06]   NEW: LDY_010_熨烫布草.docx
[2026-06-08 00:30:06]   NEW: LDY_011_洗衣设备保养.docx
[2026-06-08 00:30:06]   NEW: LDY_012_洗衣设备安全使用.docx
[2026-06-08 00:30:06]   NEW: LDY_013_火警安全程序.docx
[2026-06-08 00:30:06]   NEW: LDY_014_布草盘点.docx
[2026-06-08 00:30:06]   NEW: LDY_015_布草管理.docx
[2026-06-08 00:30:06]   NEW: LDY_016_布草清洗程序.docx
[2026-06-08 00:30:06]   NEW: LDY_017_客人衣物标注.docx
[2026-06-08 00:30:06]   NEW: LDY_018_洗衣入职培训.docx
[2026-06-08 00:30:06]   NEW: LDY_019_准备和递送客衣.docx
[2026-06-08 00:30:06]   NEW: LDY_020_洗涤程序.docx
[2026-06-08 00:30:06]   NEW: LDY_021_客衣熨烫机操作.docx
[2026-06-08 00:30:07]   NEW: LDY_022_分拣脏布草并洗涤.docx
[2026-06-08 00:30:07]   NEW: LDY_023_衣物污垢清洁.docx
[2026-06-08 00:30:07]   NEW: LDY_024_制服和布草间培训.docx
[2026-06-08 00:30:07]   NEW: LDY_025_损坏或遗失客人衣物.docx
[2026-06-08 00:30:07]   NEW: LDY_026_客衣营收超预算的奖励.docx
[2026-06-08 00:30:07]   NEW: PA_001_清洁公共电话.docx
[2026-06-08 00:30:07]   NEW: PA_002_清扫记录.docx
[2026-06-08 00:30:07]   NEW: PA_003_清空废纸篓.docx
[2026-06-08 00:30:07]   NEW: PA_004_地毯去污.docx
[2026-06-08 00:30:07]   NEW: PA_005_公共区域检查.docx
[2026-06-08 00:30:07]   NEW: PA_006_吊灯清洁.docx
[2026-06-08 00:30:07]   NEW: PA_007_酒店外围清洁.docx
[2026-06-08 00:30:07]   NEW: PA_008_使用吸尘器.docx
[2026-06-08 00:30:07]   NEW: PA_009_大理石保养.docx
[2026-06-08 00:30:07]   NEW: PA_010_办公室清洁.docx
[2026-06-08 00:30:07]   NEW: PA_011_宴会厅清洁.docx
[2026-06-08 00:30:07]   NEW: PA_012_铜器上光.docx
[2026-06-08 00:30:07]   NEW: PA_013_上班前准备.docx
[2026-06-08 00:30:07]   NEW: PA_014_餐厅清洁.docx
[2026-06-08 00:30:07]   NEW: PA_015_沙发清洁.docx
[2026-06-08 00:30:07]   NEW: PA_016_窗玻璃清洁程序.docx
[2026-06-08 00:30:07]   NEW: PA_017_公共厕所清洁.docx
[2026-06-08 00:30:07]   NEW: PA_018_壁灯、顶灯、台灯及落地灯的清洁.docx
[2026-06-08 00:30:07]   NEW: PA_019_怎样清洁空调口.docx
[2026-06-08 00:30:07]   NEW: PA_020_墙纸及墙布的清洁.docx
[2026-06-08 00:30:07]   NEW: PA_021_木制面及家具清洁上蜡.docx
[2026-06-08 00:30:07]   NEW: PA_022_失物招领-公共区域.docx
[2026-06-08 00:30:07]   NEW: 外包员工入职注意事项.docx
[2026-06-08 00:30:07] Preprocessing done: sensitive words replaced
[2026-06-08 00:30:07] 快照已更新（376 个文件）
[2026-06-08 00:30:07] 报告已保存：/home/azhan186/open claw/知识库/data/wiki-new-files-2026-06-08-003007.txt
[2026-06-08 00:30:07] 请按知识库工作流处理这些文件
[2026-06-08 00:30:07] === Wiki Auto-Update Finished ===

[2026-06-08 12:31:36] === Wiki Auto-Update Started ===
[2026-06-08 12:31:36] 快照对比：287 → 381（新增 99 个）
[2026-06-08 12:31:36] Found new files:
[2026-06-08 12:31:36]   NEW: 2026-05-16_张浩岚_个人信息.docx
[2026-06-08 12:31:36]   NEW: 2026-05-16_张浩岚_个人信息_备注.txt
[2026-06-08 12:31:36]   NEW: FC_001_健身中心会员价格列表及销售提成方案.docx
[2026-06-08 12:31:36]   NEW: FC_002_健身中心会员及住店客人登记制度.docx
[2026-06-08 12:31:36]   NEW: FC_003_每日开档流程.docx
[2026-06-08 12:31:36]   NEW: FC_004_游泳池开档收档流程.docx
[2026-06-08 12:31:36]   NEW: FC_005_健身中心布草控制与管理.docx
[2026-06-08 12:31:36]   NEW: Floor_001_布草盘点.docx
[2026-06-08 12:31:36]   NEW: Floor_002_楼层员工工作注意事项.docx
[2026-06-08 12:31:36]   NEW: Floor_003_清洁的标准.docx
[2026-06-08 12:31:36]   NEW: Floor_004_失物招领.docx
[2026-06-08 12:31:36]   NEW: Floor_005_进入客房.docx
[2026-06-08 12:31:36]   NEW: Floor_006_客人要求项目.docx
[2026-06-08 12:31:36]   NEW: Floor_007_客人物品.docx
[2026-06-08 12:31:36]   NEW: Floor_008_室内禁止吸烟标准.docx
[2026-06-08 12:31:36]   NEW: Floor_009_房间去除异味的程序.docx
[2026-06-08 12:31:36]   NEW: Floor_010_允许进入客人房间.docx
[2026-06-08 12:31:36]   NEW: Floor_011_赠物小费 .docx
[2026-06-08 12:31:36]   NEW: Floor_012_擦鞋服务.docx
[2026-06-08 12:31:36]   NEW: Floor_013_客房服务员关门打扫房间的标准.docx
[2026-06-08 12:31:36]   NEW: Floor_014_如何处理房间有类似摄像头之类设备的方法.docx
[2026-06-08 12:31:36]   NEW: Floor_015_钥匙管理程序.docx
[2026-06-08 12:31:36]   NEW: Floor_016_未获批准离开工作区域.docx
[2026-06-08 12:31:36]   NEW: Floor_017_虫害臭虫的处理– 艺康.docx
[2026-06-08 12:31:36]   NEW: Floor_018_处理客人洗衣.docx
[2026-06-08 12:31:36]   NEW: Floor_019_清洁楼层公共区域.docx
[2026-06-08 12:31:36]   NEW: Floor_020_使用吸尘器.docx
[2026-06-08 12:31:36]   NEW: Floor_021_清理送餐服务托盘.docx
[2026-06-08 12:31:36]   NEW: Floor_022_使用婴儿床.docx
[2026-06-08 12:31:36]   NEW: Floor_023_客房贵宾客人鲜花预定安排.docx
[2026-06-08 12:31:36]   NEW: Floor_024_处理客房垃圾.docx
[2026-06-08 12:31:36]   NEW: Floor_025_上午下午差异房报告.docx
[2026-06-08 12:31:36]   NEW: Floor_026_房间清洁.docx
[2026-06-08 12:31:36]   NEW: Floor_027_铺床.docx
[2026-06-08 12:31:36]   NEW: Floor_028_浴室清洁.docx
[2026-06-08 12:31:36]   NEW: Floor_029_优先打扫.docx
[2026-06-08 12:31:36]   NEW: Floor_030_请勿打扰.docx
[2026-06-08 12:31:36]   NEW: Floor_031_做夜床服务.docx
[2026-06-08 12:31:36]   NEW: Floor_032_管家部常用词汇.docx
[2026-06-08 12:31:36]   NEW: Floor_033_损坏客人物品.docx
[2026-06-08 12:31:36]   NEW: Floor_035_遗失和损坏.docx
[2026-06-08 12:31:36]   NEW: Floor_036_加床标准.docx
[2026-06-08 12:31:36]   NEW: Floor_037_迷你吧管理.docx
[2026-06-08 12:31:36]   NEW: Floor_038_参观房.docx
[2026-06-08 12:31:36]   NEW: Floor_039_贵宾房的准备.docx
[2026-06-08 12:31:36]   NEW: Floor_040_客房房量计算标准.docx
[2026-06-08 12:31:36]   NEW: Floor_041_客房洗浴用品瓶子清洁程序.docx
[2026-06-08 12:31:36]   NEW: Floor_042_客房瓶装沐浴用品的补充程序.docx
[2026-06-08 12:31:36]   NEW: Floor_043_OOO房间程序.docx
[2026-06-08 12:31:36]   NEW: Floor_044_客房服务员自放房资格政策.docx
[2026-06-08 12:31:36]   NEW: LDY_001_制服管理.docx
[2026-06-08 12:31:36]   NEW: LDY_002_客人洗衣收费.docx
[2026-06-08 12:31:36]   NEW: LDY_003_早班机器检查.docx
[2026-06-08 12:31:36]   NEW: LDY_004_客人洗衣收集.docx
[2026-06-08 12:31:36]   NEW: LDY_005_部门记录.docx
[2026-06-08 12:31:36]   NEW: LDY_006_烘干折叠布草.docx
[2026-06-08 12:31:36]   NEW: LDY_007_折叠客人衬衫.docx
[2026-06-08 12:31:36]   NEW: LDY_008_处理客人投诉.docx
[2026-06-08 12:31:36]   NEW: LDY_009_处理客人贵重物品.docx
[2026-06-08 12:31:36]   NEW: LDY_010_熨烫布草.docx
[2026-06-08 12:31:36]   NEW: LDY_011_洗衣设备保养.docx
[2026-06-08 12:31:36]   NEW: LDY_012_洗衣设备安全使用.docx
[2026-06-08 12:31:36]   NEW: LDY_013_火警安全程序.docx
[2026-06-08 12:31:36]   NEW: LDY_014_布草盘点.docx
[2026-06-08 12:31:36]   NEW: LDY_015_布草管理.docx
[2026-06-08 12:31:36]   NEW: LDY_016_布草清洗程序.docx
[2026-06-08 12:31:36]   NEW: LDY_017_客人衣物标注.docx
[2026-06-08 12:31:36]   NEW: LDY_018_洗衣入职培训.docx
[2026-06-08 12:31:36]   NEW: LDY_019_准备和递送客衣.docx
[2026-06-08 12:31:36]   NEW: LDY_020_洗涤程序.docx
[2026-06-08 12:31:36]   NEW: LDY_021_客衣熨烫机操作.docx
[2026-06-08 12:31:36]   NEW: LDY_022_分拣脏布草并洗涤.docx
[2026-06-08 12:31:36]   NEW: LDY_023_衣物污垢清洁.docx
[2026-06-08 12:31:36]   NEW: LDY_024_制服和布草间培训.docx
[2026-06-08 12:31:36]   NEW: LDY_025_损坏或遗失客人衣物.docx
[2026-06-08 12:31:36]   NEW: LDY_026_客衣营收超预算的奖励.docx
[2026-06-08 12:31:36]   NEW: PA_001_清洁公共电话.docx
[2026-06-08 12:31:36]   NEW: PA_002_清扫记录.docx
[2026-06-08 12:31:36]   NEW: PA_003_清空废纸篓.docx
[2026-06-08 12:31:36]   NEW: PA_004_地毯去污.docx
[2026-06-08 12:31:36]   NEW: PA_005_公共区域检查.docx
[2026-06-08 12:31:36]   NEW: PA_006_吊灯清洁.docx
[2026-06-08 12:31:36]   NEW: PA_007_酒店外围清洁.docx
[2026-06-08 12:31:36]   NEW: PA_008_使用吸尘器.docx
[2026-06-08 12:31:36]   NEW: PA_009_大理石保养.docx
[2026-06-08 12:31:36]   NEW: PA_010_办公室清洁.docx
[2026-06-08 12:31:36]   NEW: PA_011_宴会厅清洁.docx
[2026-06-08 12:31:36]   NEW: PA_012_铜器上光.docx
[2026-06-08 12:31:36]   NEW: PA_013_上班前准备.docx
[2026-06-08 12:31:36]   NEW: PA_014_餐厅清洁.docx
[2026-06-08 12:31:36]   NEW: PA_015_沙发清洁.docx
[2026-06-08 12:31:36]   NEW: PA_016_窗玻璃清洁程序.docx
[2026-06-08 12:31:36]   NEW: PA_017_公共厕所清洁.docx
[2026-06-08 12:31:36]   NEW: PA_018_壁灯、顶灯、台灯及落地灯的清洁.docx
[2026-06-08 12:31:36]   NEW: PA_019_怎样清洁空调口.docx
[2026-06-08 12:31:36]   NEW: PA_020_墙纸及墙布的清洁.docx
[2026-06-08 12:31:36]   NEW: PA_021_木制面及家具清洁上蜡.docx
[2026-06-08 12:31:36]   NEW: PA_022_失物招领-公共区域.docx
[2026-06-08 12:31:36]   NEW: 外包员工入职注意事项.docx
[2026-06-08 12:31:36] Preprocessing done: sensitive words replaced
[2026-06-08 12:31:36] 快照已更新（381 个文件）
[2026-06-08 12:31:36] 报告已保存：/home/azhan186/open claw/知识库/data/wiki-new-files-2026-06-08-123136.txt
[2026-06-08 12:31:36] 请按知识库工作流处理这些文件
[2026-06-08 12:31:36] === Wiki Auto-Update Finished ===

[2026-06-08 13:29:04] 首次运行，建立快照（ALL 386 个，MD 287 个）
[2026-06-08 13:29:04] === Wiki Auto-Update Finished ===

[2026-06-08 13:29:04] === Wiki Auto-Update Started ===
[2026-06-08 13:29:04] 无新增文件（ALL 快照对比：386 vs 386）
[2026-06-08 13:29:04] === Wiki Auto-Update Finished ===

[2026-06-09 00:30:07] === Wiki Auto-Update Started ===
[2026-06-09 00:30:07] ALL 快照对比：386 → 398（新增 12 个）
[2026-06-09 00:30:07] Found new files:
[2026-06-09 00:30:07]   NEW: 新闻/Raw Sources/2026/国际/2026-06-08_伊朗导弹袭击以色列.md
[2026-06-09 00:30:07]   NEW: 新闻/Raw Sources/2026/时政/2026-06-08_中国国家最高领导人出席金正恩欢迎仪式.md
[2026-06-09 00:30:07]   NEW: 新闻/Raw Sources/2026/时政/2026-06-08_中国国家最高领导人离京访朝.md
[2026-06-09 00:30:07]   NEW: 新闻/Raw Sources/2026/时政/2026-06-08_中朝签署署名文章.md
[2026-06-09 00:30:07]   NEW: 新闻/Raw Sources/2026/时政/2026-06-08_城市更新十五五规划.md
[2026-06-09 00:30:07]   NEW: 新闻/Raw Sources/2026/科技/2026-06-08_无人机专业被预定.md
[2026-06-09 00:30:07]   NEW: 新闻/Raw Sources/2026/财经/2026-06-08_国际油价上涨美股下跌.md
[2026-06-09 00:30:07]   NEW: 新闻/Raw Sources/2026/财经/2026-06-08_国际组织警告能源危机.md
[2026-06-09 00:30:07]   NEW: 新闻/Raw Sources/2026/财经/2026-06-08_欧佩克7月增产.md
[2026-06-09 00:30:07]   NEW: 新闻/Raw Sources/2026/财经/2026-06-08_海洋经济11万亿.md
[2026-06-09 00:30:07]   NEW: 新闻/Raw Sources/2026/财经/2026-06-08_电子布涨价.md
[2026-06-09 00:30:07]   NEW: 新闻/Raw Sources/2026/财经/2026-06-08_黄金跌破4300美元.md
[2026-06-09 00:30:07] Preprocessing done: sensitive words replaced
[2026-06-09 00:30:07] 快照已更新（ALL 398 个，MD 299 个）
[2026-06-09 00:30:07] 报告已保存：/home/azhan186/open claw/知识库/data/wiki-new-files-2026-06-09-003007.txt
[2026-06-09 00:30:07] 请按知识库工作流处理这些文件
[2026-06-09 00:30:07] === Wiki Auto-Update Finished ===

[2026-06-09 12:32:14] === Wiki Auto-Update Started ===
[2026-06-09 12:32:14] 无新增文件（ALL 快照对比：398 vs 398）
[2026-06-09 12:32:14] === Wiki Auto-Update Finished ===

[2026-06-09 13:28:13] === Wiki Auto-Update Started ===
[2026-06-09 13:28:13] 快照对比：386 → 398
[2026-06-09 13:28:13] 白名单过滤：12 个文件已编译，跳过（标记来源：.compiled_files.list）
[2026-06-09 13:28:13] === Wiki Auto-Update Finished ===

[2026-06-09 13:28:30] === Wiki Auto-Update Started ===
[2026-06-09 13:28:30] 快照对比：398 → 398
[2026-06-09 13:28:30] 无新增文件
[2026-06-09 13:28:30] === Wiki Auto-Update Finished ===

